2020-10-08 10:41:31,188 INFO  [log] 78945756345855
2020-10-08 10:41:31,481 INFO  [log] 78945756345855
2020-10-08 10:41:31,881 INFO  [log] User is Nishchith
2020-10-08 10:41:31,898 INFO  [log] Not a previleged user - No purchase for you!!!
2020-10-08 10:41:32,093 INFO  [log] Nishchith
2020-10-08 10:41:32,217 INFO  [log] User is Nishchith
2020-10-08 10:41:32,221 INFO  [log] Not a previleged user - No purchase for you!!!
2020-10-08 10:41:32,286 INFO  [log] FINISHED
2020-10-08 10:41:32,328 INFO  [log] 4
2020-10-08 10:41:32,329 INFO  [log] 114
2020-10-08 10:41:32,492 INFO  [log] Nishchith
2020-10-08 10:41:32,580 INFO  [log] User is Nishchith
2020-10-08 10:41:32,581 INFO  [log] Not a previleged user - No purchase for you!!!
2020-10-08 10:41:32,639 INFO  [log] FINISHED
2020-10-08 10:41:32,641 INFO  [log] 4
2020-10-08 10:41:32,642 INFO  [log] 87
2020-10-08 10:41:32,644 INFO  [log] FINISHED
2020-10-08 10:41:32,645 INFO  [log] 1
2020-10-08 10:41:32,646 INFO  [log] 153
2020-10-08 10:41:34,167 INFO  [log] number of Rows === 3
2020-10-08 10:41:34,198 INFO  [log] number of Columns === 2
2020-10-08 10:41:34,527 INFO  [log] User is Nishchith
2020-10-08 10:41:34,528 INFO  [log] Not a previleged user - No purchase for you!!!
2020-10-08 10:41:34,699 INFO  [log] User is Nishchith
2020-10-08 10:41:34,706 INFO  [log] Not a previleged user - No purchase for you!!!
2020-10-08 10:45:36,706 INFO  [log] 17235072725486544
2020-10-08 10:45:36,886 INFO  [log] 17235072725486544
2020-10-08 10:45:37,316 INFO  [log] User is Nishchith
2020-10-08 10:45:37,329 INFO  [log] Not a previleged user - No purchase for you!!!
2020-10-08 10:45:37,581 INFO  [log] Nishchith
2020-10-08 10:45:37,648 INFO  [log] User is Nishchith
2020-10-08 10:45:37,649 INFO  [log] Not a previleged user - No purchase for you!!!
2020-10-08 10:45:37,737 INFO  [log] FINISHED
2020-10-08 10:45:37,765 INFO  [log] 4
2020-10-08 10:45:37,766 INFO  [log] 101
2020-10-08 10:45:37,876 INFO  [log] Nishchith
2020-10-08 10:45:38,038 INFO  [log] User is Nishchith
2020-10-08 10:45:38,040 INFO  [log] Not a previleged user - No purchase for you!!!
2020-10-08 10:45:38,167 INFO  [log] FINISHED
2020-10-08 10:45:38,173 INFO  [log] 4
2020-10-08 10:45:38,183 INFO  [log] 146
2020-10-08 10:45:38,185 INFO  [log] FINISHED
2020-10-08 10:45:38,199 INFO  [log] 1
2020-10-08 10:45:38,199 INFO  [log] 315
2020-10-08 10:45:39,120 INFO  [log] number of Rows === 3
2020-10-08 10:45:39,130 INFO  [log] number of Columns === 2
2020-10-08 10:45:39,276 INFO  [log] User is Nishchith
2020-10-08 10:45:39,282 INFO  [log] Not a previleged user - No purchase for you!!!
2020-10-08 10:45:39,544 INFO  [log] User is Nishchith
2020-10-08 10:45:39,551 INFO  [log] Not a previleged user - No purchase for you!!!
2020-10-08 10:49:35,355 INFO  [log] 8393732448504898
2020-10-08 10:49:35,688 INFO  [log] 8393732448504898
2020-10-08 10:49:36,255 INFO  [log] User is Nishchith
2020-10-08 10:49:36,275 INFO  [log] Not a previleged user - No purchase for you!!!
2020-10-08 10:49:36,573 INFO  [log] Nishchith
2020-10-08 10:49:36,691 INFO  [log] User is Nishchith
2020-10-08 10:49:36,692 INFO  [log] Not a previleged user - No purchase for you!!!
2020-10-08 10:49:36,780 INFO  [log] FINISHED
2020-10-08 10:49:36,813 INFO  [log] 4
2020-10-08 10:49:36,814 INFO  [log] 141
2020-10-08 10:49:36,958 INFO  [log] Nishchith
2020-10-08 10:49:37,136 INFO  [log] User is Nishchith
2020-10-08 10:49:37,146 INFO  [log] Not a previleged user - No purchase for you!!!
2020-10-08 10:49:37,223 INFO  [log] FINISHED
2020-10-08 10:49:37,226 INFO  [log] 4
2020-10-08 10:49:37,227 INFO  [log] 151
2020-10-08 10:49:37,237 INFO  [log] FINISHED
2020-10-08 10:49:37,252 INFO  [log] 1
2020-10-08 10:49:37,256 INFO  [log] 279
2020-10-08 10:49:38,129 INFO  [log] number of Rows === 3
2020-10-08 10:49:38,142 INFO  [log] number of Columns === 2
2020-10-08 10:49:38,343 INFO  [log] User is Nishchith
2020-10-08 10:49:38,347 INFO  [log] Not a previleged user - No purchase for you!!!
2020-10-08 10:49:38,502 INFO  [log] User is Nishchith
2020-10-08 10:49:38,503 INFO  [log] Not a previleged user - No purchase for you!!!
2020-10-08 11:05:54,335 INFO  [log] 9793092461010948
2020-10-08 11:05:54,483 INFO  [log] 9793092461010948
2020-10-08 11:05:54,822 INFO  [log] User is Nishchith
2020-10-08 11:05:54,828 INFO  [log] Not a previleged user - No purchase for you!!!
2020-10-08 11:05:55,011 INFO  [log] Nishchith
2020-10-08 11:05:55,082 INFO  [log] User is Nishchith
2020-10-08 11:05:55,089 INFO  [log] Not a previleged user - No purchase for you!!!
2020-10-08 11:05:55,154 INFO  [log] FINISHED
2020-10-08 11:05:55,188 INFO  [log] 4
2020-10-08 11:05:55,193 INFO  [log] 111
2020-10-08 11:05:55,443 INFO  [log] Nishchith
2020-10-08 11:05:55,528 INFO  [log] User is Nishchith
2020-10-08 11:05:55,538 INFO  [log] Not a previleged user - No purchase for you!!!
2020-10-08 11:05:55,599 INFO  [log] FINISHED
2020-10-08 11:05:55,603 INFO  [log] 4
2020-10-08 11:05:55,609 INFO  [log] 105
2020-10-08 11:05:55,610 INFO  [log] FINISHED
2020-10-08 11:05:55,611 INFO  [log] 1
2020-10-08 11:05:55,612 INFO  [log] 167
2020-10-08 11:05:56,538 INFO  [log] number of Rows === 3
2020-10-08 11:05:56,547 INFO  [log] number of Columns === 2
2020-10-08 11:05:56,830 INFO  [log] User is Nishchith
2020-10-08 11:05:56,831 INFO  [log] Not a previleged user - No purchase for you!!!
2020-10-08 11:05:57,144 INFO  [log] User is Nishchith
2020-10-08 11:05:57,145 INFO  [log] Not a previleged user - No purchase for you!!!
